build/app/outputs/mapping/release/seeds.txt
com.google.android.exoplayer2.metadata.mp4.SmtaMetadataEntry: android.os.Parcelable$Creator CREATOR
com.bbflight.background_downloader.ResumeData: com.bbflight.background_downloader.ResumeData$Companion Companion
androidx.lifecycle.Lifecycle$Event: androidx.lifecycle.Lifecycle$Event ON_CREATE
android.support.v4.media.session.MediaSessionCompat$ResultReceiverWrapper: android.os.Parcelable$Creator CREATOR
io.flutter.embedding.engine.FlutterJNI: io.flutter.embedding.engine.deferredcomponents.DeferredComponentManager deferredComponentManager
io.flutter.embedding.engine.FlutterJNI: java.lang.Long nativeShellHolderId
androidx.core.widget.NestedScrollView$SavedState: android.os.Parcelable$Creator CREATOR
androidx.recyclerview.widget.StaggeredGridLayoutManager$SavedState: android.os.Parcelable$Creator CREATOR
com.google.android.exoplayer2.metadata.id3.ApicFrame: android.os.Parcelable$Creator CREATOR
kotlinx.coroutines.EventLoopImplBase$DelayedTask: java.lang.Object _heap
kotlinx.coroutines.channels.BufferedChannel: java.lang.Object closeHandler
com.google.android.exoplayer2.metadata.id3.ChapterTocFrame: android.os.Parcelable$Creator CREATOR
androidx.fragment.app.FragmentManagerState: android.os.Parcelable$Creator CREATOR
io.flutter.embedding.engine.renderer.FlutterRenderer$ImageReaderSurfaceProducer: java.lang.String TAG
io.flutter.view.FlutterCallbackInformation: java.lang.String callbackName
io.flutter.view.AccessibilityViewEmbedder: java.lang.String TAG
com.google.android.exoplayer2.metadata.id3.UrlLinkFrame: android.os.Parcelable$Creator CREATOR
android.support.v4.media.MediaBrowserCompat$MediaItem: android.os.Parcelable$Creator CREATOR
kotlinx.coroutines.CancellableContinuationImpl: java.lang.Object _parentHandle
kotlinx.serialization.json.JsonArray: kotlinx.serialization.json.JsonArray$Companion Companion
io.flutter.embedding.engine.FlutterJNI: boolean initCalled
kotlinx.coroutines.JobSupport: java.lang.Object _parentHandle
kotlinx.coroutines.scheduling.CoroutineScheduler$Worker: int indexInArray
io.flutter.plugin.editing.ImeSyncDeferringInsetsCallback: android.view.View view
com.google.android.material.datepicker.Month: android.os.Parcelable$Creator CREATOR
androidx.work.impl.utils.futures.AbstractFuture: androidx.work.impl.utils.futures.AbstractFuture$Listener listeners
kotlinx.coroutines.internal.LockFreeLinkedListNode: java.lang.Object _next
io.flutter.embedding.engine.FlutterJNI: java.lang.String vmServiceUri
com.google.android.exoplayer2.metadata.id3.InternalFrame: android.os.Parcelable$Creator CREATOR
com.bbflight.background_downloader.TaskNotification: com.bbflight.background_downloader.TaskNotification$Companion Companion
com.google.android.exoplayer2.metadata.Metadata: android.os.Parcelable$Creator CREATOR
android.support.v4.media.session.PlaybackStateCompat: android.os.Parcelable$Creator CREATOR
io.flutter.embedding.engine.renderer.FlutterRenderer$ImageReaderSurfaceProducer: io.flutter.embedding.engine.renderer.FlutterRenderer this$0
androidx.appcompat.widget.AppCompatSpinner$SavedState: android.os.Parcelable$Creator CREATOR
androidx.lifecycle.Lifecycle$Event: androidx.lifecycle.Lifecycle$Event ON_DESTROY
io.flutter.embedding.engine.renderer.FlutterRenderer$ImageTextureRegistryEntry: boolean released
kotlinx.coroutines.scheduling.WorkQueue: int producerIndex
io.flutter.embedding.engine.FlutterJNI: boolean prefetchDefaultFontManagerCalled
io.flutter.plugin.platform.SingleViewPresentation: boolean startFocused
io.flutter.embedding.engine.FlutterJNI: io.flutter.plugin.localization.LocalizationPlugin localizationPlugin
androidx.appcompat.widget.Toolbar$SavedState: android.os.Parcelable$Creator CREATOR
kotlinx.coroutines.channels.BufferedChannel: long receivers
com.bbflight.background_downloader.NotificationReceiver: java.lang.String actionResume
com.bbflight.background_downloader.TaskStatusUpdate: com.bbflight.background_downloader.TaskStatusUpdate$Companion Companion