build/app/outputs/mapping/release/mapping.txt
# compiler: R8
# compiler_version: 4.0.52
# min_api: 24
# common_typos_disable
# {"id":"com.android.tools.r8.mapping","version":"2.1"}
# pg_map_id: b459f8b
# pg_map_hash: SHA-256 b459f8babb4ec4cf0dc9810b2505989246b6bb9886613ae0fa0e78690bfcae63
...
kotlinx.serialization.internal.LinkedHashMapClassDesc -> a7.g0:
kotlinx.serialization.internal.LinkedHashMapSerializer -> a7.h0:
    kotlinx.serialization.descriptors.SerialDescriptor descriptor -> c
    java.util.LinkedHashMap toBuilder(java.util.Map) -> A
    java.util.Map toResult(java.util.LinkedHashMap) -> B
    kotlinx.serialization.descriptors.SerialDescriptor getDescriptor() -> a
    java.lang.Object builder() -> f
    int builderSize(java.lang.Object) -> g
    void checkCapacity(java.lang.Object,int) -> h
    java.util.Iterator collectionIterator(java.lang.Object) -> i
    int collectionSize(java.lang.Object) -> j
    java.lang.Object toBuilder(java.lang.Object) -> p
    java.lang.Object toResult(java.lang.Object) -> q
    java.util.LinkedHashMap builder() -> v
    int builderSize(java.util.LinkedHashMap) -> w
    void checkCapacity(java.util.LinkedHashMap,int) -> x
    java.util.Iterator collectionIterator(java.util.Map) -> y
    int collectionSize(java.util.Map) -> z
kotlinx.serialization.internal.ListLikeDescriptor -> a7.i0:
    kotlinx.serialization.descriptors.SerialDescriptor elementDescriptor -> a
    int elementsCount -> b
    boolean isNullable() -> c
    int getElementIndex(java.lang.String) -> d
    kotlinx.serialization.descriptors.SerialKind getKind() -> e
    int getElementsCount() -> f
    java.lang.String getElementName(int) -> g
    boolean isInline() -> h
    java.util.List getElementAnnotations(int) -> i
    kotlinx.serialization.descriptors.SerialDescriptor getElementDescriptor(int) -> j
    boolean isElementOptional(int) -> k
kotlinx.serialization.internal.LongArrayBuilder -> a7.j0:
    long[] buffer -> a
    int position -> b
    java.lang.Object build$kotlinx_serialization_core() -> a
    void ensureCapacity$kotlinx_serialization_core(int) -> b
    int getPosition$kotlinx_serialization_core() -> d
    void append$kotlinx_serialization_core(long) -> e
    long[] build$kotlinx_serialization_core() -> f
kotlinx.serialization.internal.LongArraySerializer -> a7.k0:
    kotlinx.serialization.internal.LongArraySerializer INSTANCE -> c
    int collectionSize(long[]) -> A
    long[] empty() -> B
    void readElement(kotlinx.serialization.encoding.CompositeDecoder,int,kotlinx.serialization.internal.LongArrayBuilder,boolean) -> C
    kotlinx.serialization.internal.LongArrayBuilder toBuilder(long[]) -> D
    void writeContent(kotlinx.serialization.encoding.CompositeEncoder,long[],int) -> E
    int collectionSize(java.lang.Object) -> j
    void readElement(kotlinx.serialization.encoding.CompositeDecoder,int,java.lang.Object,boolean) -> m
    java.lang.Object toBuilder(java.lang.Object) -> p
    java.lang.Object empty() -> w
    void writeContent(kotlinx.serialization.encoding.CompositeEncoder,java.lang.Object,int) -> z
kotlinx.serialization.internal.LongSerializer -> a7.l0:
    kotlinx.serialization.internal.LongSerializer INSTANCE -> a
    kotlinx.serialization.descriptors.SerialDescriptor descriptor -> b
    kotlinx.serialization.descriptors.SerialDescriptor getDescriptor() -> a
    java.lang.Object deserialize(kotlinx.serialization.encoding.Decoder) -> b
    void serialize(kotlinx.serialization.encoding.Encoder,java.lang.Object) -> d
    java.lang.Long deserialize(kotlinx.serialization.encoding.Decoder) -> f
    void serialize(kotlinx.serialization.encoding.Encoder,long) -> g