build/app/outputs/mapping/release/usage.txt
com.golpo.audiobook.BuildConfig
com.golpo.audiobook.R$anim
com.golpo.audiobook.R$animator
com.golpo.audiobook.R$attr
com.golpo.audiobook.R$bool
com.golpo.audiobook.R$color
com.golpo.audiobook.R$dimen
com.golpo.audiobook.R$drawable
com.golpo.audiobook.R$id
com.golpo.audiobook.R$integer
com.golpo.audiobook.R$interpolator
com.golpo.audiobook.R$layout
com.golpo.audiobook.R$mipmap
com.golpo.audiobook.R$plurals
com.golpo.audiobook.R$raw
com.golpo.audiobook.R$string
com.golpo.audiobook.R$style
com.golpo.audiobook.R$styleable
com.golpo.audiobook.R$xml
com.golpo.audiobook.R
...
androidx.emoji2.text.MetadataListReader$OpenTypeReader:
    public static final int UINT16_BYTE_COUNT
    public static final int UINT32_BYTE_COUNT
androidx.emoji2.text.MetadataListReader:
    private static final int EMJI_TAG
    private static final int EMJI_TAG_DEPRECATED
    private static final int META_TABLE_NAME
    private void <init>()
    static androidx.emoji2.text.flatbuffer.MetadataList read(android.content.res.AssetManager,java.lang.String)
    static androidx.emoji2.text.flatbuffer.MetadataList read(java.io.InputStream)
androidx.emoji2.text.MetadataRepo:
    private static final int DEFAULT_ROOT_SIZE
    private static final java.lang.String S_TRACE_CREATE_REPO
    public static androidx.emoji2.text.MetadataRepo create(android.content.res.AssetManager,java.lang.String)
    public static androidx.emoji2.text.MetadataRepo create(android.graphics.Typeface)
    public static androidx.emoji2.text.MetadataRepo create(android.graphics.Typeface,java.io.InputStream)
androidx.emoji2.text.SpannableBuilder:
    void <init>(java.lang.Class)
androidx.emoji2.text.UnprecomputeTextOnModificationSpannable$CharSequenceHelper_API24:
    private void <init>()
androidx.emoji2.text.UnprecomputeTextOnModificationSpannable:
    void <init>(android.text.Spanned)
androidx.emoji2.text.flatbuffer.ArrayReadWriteBuf
androidx.emoji2.text.flatbuffer.BaseVector
androidx.emoji2.text.flatbuffer.BooleanVector
androidx.emoji2.text.flatbuffer.ByteBufferReadWriteBuf
androidx.emoji2.text.flatbuffer.ByteBufferUtil
androidx.emoji2.text.flatbuffer.ByteVector
androidx.emoji2.text.flatbuffer.Constants
androidx.emoji2.text.flatbuffer.DoubleVector
androidx.emoji2.text.flatbuffer.FlatBufferBuilder$ByteBufferBackedInputStream
androidx.emoji2.text.flatbuffer.FlatBufferBuilder$ByteBufferFactory
androidx.emoji2.text.flatbuffer.FlatBufferBuilder$HeapByteBufferFactory
androidx.emoji2.text.flatbuffer.FlatBufferBuilder
androidx.emoji2.text.flatbuffer.FlexBuffers$Blob
androidx.emoji2.text.flatbuffer.FlexBuffers$FlexBufferException
androidx.emoji2.text.flatbuffer.FlexBuffers$Key
androidx.emoji2.text.flatbuffer.FlexBuffers$KeyVector
androidx.emoji2.text.flatbuffer.FlexBuffers$Map
androidx.emoji2.text.flatbuffer.FlexBuffers$Object
androidx.emoji2.text.flatbuffer.FlexBuffers$Reference
androidx.emoji2.text.flatbuffer.FlexBuffers$Sized
androidx.emoji2.text.flatbuffer.FlexBuffers$TypedVector
androidx.emoji2.text.flatbuffer.FlexBuffers$Unsigned
androidx.emoji2.text.flatbuffer.FlexBuffers$Vector
androidx.emoji2.text.flatbuffer.FlexBuffers
androidx.emoji2.text.flatbuffer.FlexBuffersBuilder$1
androidx.emoji2.text.flatbuffer.FlexBuffersBuilder$Value
androidx.emoji2.text.flatbuffer.FlexBuffersBuilder
androidx.emoji2.text.flatbuffer.FloatVector
androidx.emoji2.text.flatbuffer.IntVector
androidx.emoji2.text.flatbuffer.LongVector
androidx.emoji2.text.flatbuffer.MetadataItem$Vector